<?xml version="1.0" encoding="UTF-8"?>
<!-- Generated by org.testng.reporters.JUnitReportReporter -->
<testsuite skipped="0" hostname="Rohit_Badole" name="com.selenium.maven.MavenProject2.Sample" tests="1" failures="0" timestamp="2020-01-06T22:07:14 IST" time="47.486" errors="0">
  <testcase name="test2" time="47.486" classname="com.selenium.maven.MavenProject2.Sample"/>
</testsuite> <!-- com.selenium.maven.MavenProject2.Sample -->
