<?xml version="1.0" encoding="UTF-8"?>
<!-- Generated by org.testng.reporters.JUnitReportReporter -->
<testsuite skipped="0" hostname="Rohit_Badole" name="com.selenium.maven.MavenProject2.Demo" tests="1" failures="0" timestamp="2020-01-06T22:07:14 IST" time="18.250" errors="0">
  <testcase name="test1" time="18.250" classname="com.selenium.maven.MavenProject2.Demo"/>
</testsuite> <!-- com.selenium.maven.MavenProject2.Demo -->
