<?xml version="1.0" encoding="UTF-8"?>
<!-- Generated by org.testng.reporters.JUnitReportReporter -->
<testsuite skipped="0" hostname="Rohit_Badole" name="com.selenium.maven.MavenProject2.NewTest" tests="1" failures="0" timestamp="2020-01-05T02:24:09 IST" time="0.019" errors="0">
  <testcase name="f" time="0.019" classname="com.selenium.maven.MavenProject2.NewTest"/>
</testsuite> <!-- com.selenium.maven.MavenProject2.NewTest -->
